<?xml version="1.0" encoding="UTF-8"?>
<testng-results skipped="0" failed="0" ignored="0" total="3" passed="3">
  <reporter-output>
  </reporter-output>
  <suite name="Suite" duration-ms="74711" started-at="2018-09-30T12:54:11Z" finished-at="2018-09-30T12:55:25Z">
    <groups>
    </groups>
    <test name="Test" duration-ms="74711" started-at="2018-09-30T12:54:11Z" finished-at="2018-09-30T12:55:25Z">
      <class name="openmap.TestLabels">
        <test-method status="PASS" signature="Setup()[pri:0, instance:openmap.TestLabels@1275dab]" name="Setup" is-config="true" duration-ms="21893" started-at="2018-09-30T12:54:11Z" finished-at="2018-09-30T12:54:32Z">
          <reporter-output>
          </reporter-output>
        </test-method> <!-- Setup -->
        <test-method status="PASS" signature="invalidCity()[pri:0, instance:openmap.TestLabels@1275dab]" name="invalidCity" duration-ms="6980" started-at="2018-09-30T12:54:32Z" finished-at="2018-09-30T12:54:39Z">
          <reporter-output>
          </reporter-output>
        </test-method> <!-- invalidCity -->
        <test-method status="PASS" signature="validCity()[pri:0, instance:openmap.TestLabels@1275dab]" name="validCity" duration-ms="11226" started-at="2018-09-30T12:54:39Z" finished-at="2018-09-30T12:54:51Z">
          <reporter-output>
          </reporter-output>
        </test-method> <!-- validCity -->
        <test-method status="PASS" signature="verifyHomePage()[pri:0, instance:openmap.TestLabels@1275dab]" name="verifyHomePage" duration-ms="33918" started-at="2018-09-30T12:54:51Z" finished-at="2018-09-30T12:55:25Z">
          <reporter-output>
          </reporter-output>
        </test-method> <!-- verifyHomePage -->
        <test-method status="PASS" signature="tearDown()[pri:0, instance:openmap.TestLabels@1275dab]" name="tearDown" is-config="true" duration-ms="673" started-at="2018-09-30T12:55:25Z" finished-at="2018-09-30T12:55:25Z">
          <reporter-output>
          </reporter-output>
        </test-method> <!-- tearDown -->
      </class> <!-- openmap.TestLabels -->
    </test> <!-- Test -->
  </suite> <!-- Suite -->
</testng-results>
