<?xml version="1.0" encoding="UTF-8"?>
<!-- Generated by org.testng.reporters.JUnitXMLReporter -->
<testsuite hostname="HOME-PC" ignored="0" name="Test" tests="3" failures="0" timestamp="30 Sep 2018 12:55:25 GMT" time="74.711" errors="0">
  <testcase name="invalidCity" time="6.98" classname="openmap.TestLabels"/>
  <testcase name="validCity" time="11.226" classname="openmap.TestLabels"/>
  <testcase name="verifyHomePage" time="33.918" classname="openmap.TestLabels"/>
</testsuite> <!-- Test -->
