<?xml version="1.0" encoding="UTF-8"?>
<!-- Generated by org.testng.reporters.JUnitReportReporter -->
<testsuite skipped="0" hostname="HOME-PC" name="openmap.TestLabels" tests="3" failures="0" timestamp="30 Sep 2018 12:55:25 GMT" time="52.124" errors="0">
  <testcase name="validCity" time="11.226" classname="openmap.TestLabels"/>
  <testcase name="invalidCity" time="6.980" classname="openmap.TestLabels"/>
  <testcase name="verifyHomePage" time="33.918" classname="openmap.TestLabels"/>
</testsuite> <!-- openmap.TestLabels -->
